<?xml version="1.0" encoding="UTF-8"?>
<!-- Generated by org.testng.reporters.JUnitReportReporter -->
<testsuite hostname="PT-BJ9VRQ3" failures="0" tests="1" name="com.lambdatest.TestScenario2" time="25.772" errors="0" timestamp="18 dez. 2022 00:13:50 GMT" skipped="0">
  <testcase classname="com.lambdatest.TestScenario2" name="basicTest" time="25.772"/>
</testsuite> <!-- com.lambdatest.TestScenario2 -->
